<?xml version="1.0" encoding="UTF-8"?>
<testsuite name="com.bridgelabz.UserRegistration" tests="4" skipped="0" failures="0" errors="0" timestamp="2020-06-19T04:23:48" hostname="KAJAL-LAPTOP" time="0.003">
  <properties/>
  <testcase name="validateMobileNumber[0]" classname="com.bridgelabz.UserRegistration" time="0.002"/>
  <testcase name="validateMobileNumber[1]" classname="com.bridgelabz.UserRegistration" time="0.0"/>
  <testcase name="validateMobileNumber[2]" classname="com.bridgelabz.UserRegistration" time="0.0"/>
  <testcase name="validateMobileNumber[3]" classname="com.bridgelabz.UserRegistration" time="0.0"/>
  <system-out><![CDATA[]]></system-out>
  <system-err><![CDATA[]]></system-err>
</testsuite>
